<?xml version="1.0" encoding="UTF-8"?>
<!-- Generated by org.testng.reporters.JUnitXMLReporter -->
<testsuite ignored="1" hostname="LAPTOP-TLR28ILL" failures="1" tests="2" name="Command line test" time="2.039" errors="0" timestamp="2025-01-07T21:28:31 EET">
  <testcase classname="restassured.TestClasses.CreateUserTest" name="createUserType" time="1.774"/>
  <testcase classname="restassured.TestClasses.GetUserTest" name="getUserData" time="0.243">
    <failure type="java.lang.NumberFormatException" message="For input string: &amp;quot;[1, 2, 3, 4, 5, 6]&amp;quot;">
      <![CDATA[java.lang.NumberFormatException: For input string: "[1, 2, 3, 4, 5, 6]"
at java.base/java.lang.NumberFormatException.forInputString(NumberFormatException.java:67)
at java.base/java.lang.Integer.parseInt(Integer.java:588)
at java.base/java.lang.Integer.parseInt(Integer.java:685)
at java_lang_Integer$parseInt.call(Unknown Source)
at org.codehaus.groovy.runtime.callsite.CallSiteArray.defaultCall(CallSiteArray.java:45)
at org.codehaus.groovy.runtime.callsite.AbstractCallSite.call(AbstractCallSite.java:125)
at org.codehaus.groovy.runtime.callsite.AbstractCallSite.call(AbstractCallSite.java:139)
at io.restassured.internal.common.path.ObjectConverter.convertObjectTo(ObjectConverter.groovy:29)
at io.restassured.path.json.JsonPath.getInt(JsonPath.java:245)
at restassured.TestClasses.GetUserTest.getUserData(GetUserTest.java:16)
at java.base/java.util.ArrayList.forEach(ArrayList.java:1597)
... Removed 33 stack frames]]>
    </failure>
  </testcase> <!-- getUserData -->
  <testcase classname="restassured.BaseTest.BaseTest" name="@BeforeSuite setup" time="0.0">
    <ignored/>
  </testcase> <!-- @BeforeSuite setup -->
</testsuite> <!-- Command line test -->
