-------------------------------------------------------------------------------
Test set: restassured.TestClasses.CreateUserTest
-------------------------------------------------------------------------------
Tests run: 2, Failures: 1, Errors: 0, Skipped: 0, Time elapsed: 2.74 s <<< FAILURE! - in restassured.TestClasses.CreateUserTest
restassured.TestClasses.CreateUserTest.getUserData  Time elapsed: 0.246 s  <<< FAILURE!
java.lang.AssertionError: expected [200] but found [404]
	at restassured.TestClasses.CreateUserTest.getUserData(CreateUserTest.java:50)

