<?xml version="1.0" encoding="UTF-8"?>
<testsuite xmlns:xsi="http://www.w3.org/2001/XMLSchema-instance" xsi:noNamespaceSchemaLocation="https://maven.apache.org/surefire/maven-surefire-plugin/xsd/surefire-test-report-3.0.xsd" version="3.0" name="TestSuite" time="1.696" tests="5" errors="0" skipped="0" failures="5">
  <properties>
[...]
</properties>
  <testcase name="createUserType" classname="restassured.TestClasses.CreateUserTest" time="0.881">
    <failure message="No such host is known (reqres.in)" type="java.net.UnknownHostException"><![CDATA[java.net.UnknownHostException: No such host is known (reqres.in)
	at restassured.TestClasses.CreateUserTest.createUserType(CreateUserTest.java:27)
]]></failure>
    <system-err><![CDATA[SLF4J: Failed to load class "org.slf4j.impl.StaticLoggerBinder".
SLF4J: Defaulting to no-operation (NOP) logger implementation
SLF4J: See http://www.slf4j.org/codes.html#StaticLoggerBinder for further details.
Exception occurred: No such host is known (reqres.in)
]]></system-err>
  </testcase>
  <testcase name="errorHandlingUserwithEmptyData" classname="restassured.TestClasses.CreateUserTest" time="0.01">
    <failure message="reqres.in" type="java.net.UnknownHostException"><![CDATA[java.net.UnknownHostException: reqres.in
	at restassured.TestClasses.CreateUserTest.errorHandlingUserwithEmptyData(CreateUserTest.java:51)
]]></failure>
    <system-err><![CDATA[Exception occurred: reqres.in
]]></system-err>
  </testcase>
  <testcase name="errorhandlingNonExistingUser" classname="restassured.TestClasses.GetUserTest" time="0.022">
    <failure message="reqres.in" type="java.net.UnknownHostException"><![CDATA[java.net.UnknownHostException: reqres.in
	at restassured.TestClasses.GetUserTest.errorhandlingNonExistingUser(GetUserTest.java:36)
]]></failure>
    <system-err><![CDATA[Exception occurred: reqres.in
]]></system-err>
  </testcase>
  <testcase name="getUserData" classname="restassured.TestClasses.GetUserTest" time="0.008">
    <failure message="reqres.in" type="java.net.UnknownHostException"><![CDATA[java.net.UnknownHostException: reqres.in
	at restassured.TestClasses.GetUserTest.getUserData(GetUserTest.java:26)
]]></failure>
    <system-err><![CDATA[Exception occurred: reqres.in
]]></system-err>
  </testcase>
  <testcase name="updateUserTest" classname="restassured.TestClasses.UpdateUserTest" time="0.01">
    <failure message="reqres.in" type="java.net.UnknownHostException"><![CDATA[java.net.UnknownHostException: reqres.in
	at restassured.TestClasses.UpdateUserTest.updateUserTest(UpdateUserTest.java:27)
]]></failure>
    <system-err><![CDATA[Exception occurred: reqres.in
]]></system-err>
  </testcase>
</testsuite>