<?xml version="1.0" encoding="UTF-8"?>
<!-- Generated by org.testng.reporters.JUnitXMLReporter -->
<testsuite ignored="0" hostname="LAPTOP-TLR28ILL" failures="1" tests="1" name="Command line test" time="1.479" errors="0" timestamp="2025-01-07T21:22:53 EET">
  <testcase classname="restassured.TestClasses.GetUserTest" name="getUserData" time="1.169">
    <failure type="java.lang.AssertionError" message="expected [200] but found [404]">
      <![CDATA[java.lang.AssertionError: expected [200] but found [404]
at restassured.TestClasses.GetUserTest.getUserData(GetUserTest.java:16)
at java.base/java.util.ArrayList.forEach(ArrayList.java:1597)
... Removed 39 stack frames]]>
    </failure>
  </testcase> <!-- getUserData -->
</testsuite> <!-- Command line test -->
